2014-04-22 14:45:41,741 INFO  [Log] **************************************************************************************** 
2014-04-22 14:45:41,742 INFO  [Log] **************************************************************************************** 
2014-04-22 14:45:41,742 INFO  [Log] $$$$$$$$$$$$$$$$$$$$$                 Framework_001       $$$$$$$$$$$$$$$$$$$$$$$$$ 
2014-04-22 14:45:41,742 INFO  [Log] **************************************************************************************** 
2014-04-22 14:45:41,743 INFO  [Log] **************************************************************************************** 
2014-04-22 14:45:42,302 INFO  [Log] Excel sheet opened 
2014-04-22 14:45:42,302 INFO  [Log] Total number of Row used return as < 2 >. 
2014-04-22 14:45:59,257 INFO  [Log] New driver instantiated 
2014-04-22 14:45:59,358 INFO  [Log] Implicit wait applied on the driver for 10 seconds 
2014-04-22 14:46:12,211 INFO  [Log] Web application launched successfully 
2014-04-22 14:46:12,488 INFO  [Log] My Account link is found on the Home Page 
2014-04-22 14:46:12,588 INFO  [Log] Click action is perfromed on My Account link 
2014-04-22 14:46:17,885 INFO  [Log] Username text box is found on the Login Page 
2014-04-22 14:46:17,956 INFO  [Log] testuser_1 is entered in UserName text box 
2014-04-22 14:46:17,977 INFO  [Log] Password text box is found on the Login page 
2014-04-22 14:46:18,039 INFO  [Log] Test@123 is entered in Password text box 
2014-04-22 14:46:18,055 INFO  [Log] Submit button is found on the Login page 
2014-04-22 14:46:18,715 INFO  [Log] Click action is performed on Submit button 
2014-04-22 14:46:31,327 INFO  [Log] Log Out link is found on the Home Page 
2014-04-22 14:46:31,574 INFO  [Log] Product category link is found under Top Navigation 
2014-04-22 14:46:31,927 INFO  [Log] Accessories link is found under Product Category 
2014-04-22 14:46:32,006 INFO  [Log] Click action is performed on the selected Product Type 
2014-04-22 14:46:32,007 INFO  [Log] Product Type Accessories is selected from the Top menu 
2014-04-22 14:46:37,285 INFO  [Log] Add to Cart button is found for Product 2 
2014-04-22 14:46:37,458 INFO  [Log] Product 2 is selected from the Product listing page 
2014-04-22 14:46:38,517 INFO  [Log] Go to Cart button is found on the Cart Pop Up window 
2014-04-22 14:46:41,771 INFO  [Log] Product Name for purchased product is found on the Check Out Page 
2014-04-22 14:46:41,824 INFO  [Log] Product Price for purchased product is found on the Check Out Page 
2014-04-22 14:46:41,860 INFO  [Log] Continue button is found on the Check Out Page 
2014-04-22 14:46:41,957 INFO  [Log] Email text box on Payment Details page is found. 
2014-04-22 14:46:43,029 INFO  [Log] Email text box on Payment Details page is found. 
2014-04-22 14:46:43,108 INFO  [Log] tooolsqa@gmail.com is entered as First Name on the Payment detail page 
2014-04-22 14:46:43,126 INFO  [Log] First Name text box on Payment Details page is found. 
2014-04-22 14:46:43,201 INFO  [Log] First Name text box on Payment Details page is found. 
2014-04-22 14:46:43,356 INFO  [Log] Lakshay is entered as First Name on the Payment detail page 
2014-04-22 14:46:43,366 INFO  [Log] Last Name text box on Payment Details page is found. 
2014-04-22 14:46:43,453 INFO  [Log] Last Name text box on Payment Details page is found. 
2014-04-22 14:46:43,560 INFO  [Log] Sharma is entered as Last Name on the Payment detail page 
2014-04-22 14:46:43,568 INFO  [Log] Address text box on Payment Details page is found. 
2014-04-22 14:46:43,756 INFO  [Log] Address text box on Payment Details page is found. 
2014-04-22 14:46:44,151 INFO  [Log] 35, Marconi House, Walker Road is entered as Address on the Payment detail page 
2014-04-22 14:46:44,162 INFO  [Log] City text box on Payment Details page is found. 
2014-04-22 14:46:44,244 INFO  [Log] City text box on Payment Details page is found. 
2014-04-22 14:46:44,393 INFO  [Log] Newcastle is entered as City on the Payment detail page 
2014-04-22 14:46:44,509 INFO  [Log] Country dropdown on Payment Details page is found. 
2014-04-22 14:46:44,570 INFO  [Log] United Kingdom is Selected as Country on the Payment detail page 
2014-04-22 14:46:44,633 INFO  [Log] Phone text box on Payment Details page is found. 
2014-04-22 14:46:44,740 INFO  [Log] Phone text box on Payment Details page is found. 
2014-04-22 14:46:44,868 INFO  [Log] 07777777777 is entered as Phone on the Payment detail page 
2014-04-22 14:46:44,876 INFO  [Log] Same as Billing address check box on Payment Details page is found. 
2014-04-22 14:46:44,890 INFO  [Log] Purchase button on Payment Details page is found. 
2014-04-22 14:46:47,948 INFO  [Log] Click action is performed on Purchase button on the Payment detail page 
2014-04-22 14:46:47,959 INFO  [Log] Product name is found on the Confirmation Page 
2014-04-22 14:46:47,985 INFO  [Log] Product price is found on the Confirmation Page 
2014-04-22 14:46:48,185 INFO  [Log] XXXXXXXXXXXXXXXXXXXXXXX             -E---N---D-             XXXXXXXXXXXXXXXXXXXXXX 
2014-04-22 14:46:48,185 INFO  [Log] X 
2014-04-22 14:46:48,185 INFO  [Log] X 
2014-04-22 14:46:48,186 INFO  [Log] X 
2014-04-22 14:46:48,186 INFO  [Log] X 
2014-04-22 17:32:40,212 INFO  [Log] New driver instantiated 
2014-04-22 17:32:40,227 INFO  [Log] Implicit wait applied on the driver for 10 seconds 
2014-04-22 17:32:58,881 INFO  [Log] Web application launched 
2014-04-22 17:32:59,000 INFO  [Log] Click action performed on My Account link 
2014-04-22 17:35:15,781 INFO  [Log] New driver instantiated 
2014-04-22 17:35:15,799 INFO  [Log] Implicit wait applied on the driver for 10 seconds 
2014-04-22 17:35:33,430 INFO  [Log] Web application launched 
2014-04-22 17:35:33,539 INFO  [Log] Click action performed on My Account link 
2014-04-22 17:47:58,080 INFO  [Log] New driver instantiated 
2014-04-22 17:47:58,101 INFO  [Log] Implicit wait applied on the driver for 10 seconds 
2014-04-22 17:48:15,116 INFO  [Log] Web application launched 
2014-04-22 17:48:36,220 INFO  [Log] Click action performed on My Account link 
2014-04-22 17:48:37,787 INFO  [Log] Username entered in the Username text box 
2014-04-22 17:48:37,877 INFO  [Log] Password entered in the Password text box 
2014-04-22 17:48:38,576 INFO  [Log] Click action performed on Submit button 
2014-04-22 17:48:45,875 INFO  [Log] Click action performed on Log out link 
2014-04-22 17:48:46,110 INFO  [Log] Browser closed 
2015-06-09 17:53:08,909 INFO  [Log] **************************************************************************************** 
2015-06-09 17:53:08,910 INFO  [Log] **************************************************************************************** 
2015-06-09 17:53:08,910 INFO  [Log] $$$$$$$$$$$$$$$$$$$$$                 Framework_002       $$$$$$$$$$$$$$$$$$$$$$$$$ 
2015-06-09 17:53:08,910 INFO  [Log] **************************************************************************************** 
2015-06-09 17:53:08,910 INFO  [Log] **************************************************************************************** 
2015-06-09 17:53:08,935 INFO  [Log] **************************************************************************************** 
2015-06-09 17:53:08,935 INFO  [Log] **************************************************************************************** 
2015-06-09 17:53:08,935 INFO  [Log] $$$$$$$$$$$$$$$$$$$$$                 Framework_001       $$$$$$$$$$$$$$$$$$$$$$$$$ 
2015-06-09 17:53:08,935 INFO  [Log] **************************************************************************************** 
2015-06-09 17:53:08,935 INFO  [Log] **************************************************************************************** 
2015-06-09 17:55:13,812 INFO  [Log] **************************************************************************************** 
2015-06-09 17:55:13,812 INFO  [Log] **************************************************************************************** 
2015-06-09 17:55:13,812 INFO  [Log] $$$$$$$$$$$$$$$$$$$$$                 Framework_002       $$$$$$$$$$$$$$$$$$$$$$$$$ 
2015-06-09 17:55:13,812 INFO  [Log] **************************************************************************************** 
2015-06-09 17:55:13,812 INFO  [Log] **************************************************************************************** 
2015-06-09 17:55:14,495 INFO  [Log] Excel sheet opened 
2015-06-09 17:55:14,495 INFO  [Log] Total number of Row used return as < 2 >. 
2015-06-09 17:55:24,431 INFO  [Log] New driver instantiated 
2015-06-09 17:55:24,458 INFO  [Log] Implicit wait applied on the driver for 10 seconds 
2015-06-09 17:55:24,983 INFO  [Log] Web application launched successfully 
2015-06-09 17:55:45,256 ERROR [Log] My Acocunt link is not found on the Home Page 
2015-06-09 17:55:45,498 ERROR [Log] Unable to locate element: {"method":"xpath","selector":".//*[@id='account']/a"}
Command duration or timeout: 20.09 seconds
For documentation on this error, please visit: http://seleniumhq.org/exceptions/no_such_element.html
Build info: version: 'unknown', revision: 'unknown', time: 'unknown'
System info: host: 'anujga-w7', ip: '10.128.64.49', os.name: 'Windows 7', os.arch: 'amd64', os.version: '6.1', java.version: '1.7.0_60'
Session ID: 13db6e2f-6877-4c69-b41b-ea08712836c8
Driver info: org.openqa.selenium.firefox.FirefoxDriver
Capabilities [{platform=XP, acceptSslCerts=true, javascriptEnabled=true, cssSelectorsEnabled=true, databaseEnabled=true, browserName=firefox, handlesAlerts=true, browserConnectionEnabled=true, webStorageEnabled=true, nativeEvents=false, rotatable=false, locationContextEnabled=true, applicationCacheEnabled=true, takesScreenshot=true, version=28.0}] 
2015-06-09 17:55:45,506 INFO  [Log] XXXXXXXXXXXXXXXXXXXXXXX             -E---N---D-             XXXXXXXXXXXXXXXXXXXXXX 
2015-06-09 17:55:45,507 INFO  [Log] X 
2015-06-09 17:55:45,507 INFO  [Log] X 
2015-06-09 17:55:45,507 INFO  [Log] X 
2015-06-09 17:55:45,507 INFO  [Log] X 
2015-06-09 17:55:45,534 INFO  [Log] **************************************************************************************** 
2015-06-09 17:55:45,534 INFO  [Log] **************************************************************************************** 
2015-06-09 17:55:45,534 INFO  [Log] $$$$$$$$$$$$$$$$$$$$$                 Framework_001       $$$$$$$$$$$$$$$$$$$$$$$$$ 
2015-06-09 17:55:45,534 INFO  [Log] **************************************************************************************** 
2015-06-09 17:55:45,534 INFO  [Log] **************************************************************************************** 
2015-06-09 17:55:45,584 INFO  [Log] Excel sheet opened 
2015-06-09 17:55:45,584 INFO  [Log] Total number of Row used return as < 2 >. 
2015-06-09 17:55:54,964 INFO  [Log] New driver instantiated 
2015-06-09 17:55:54,984 INFO  [Log] Implicit wait applied on the driver for 10 seconds 
2015-06-09 17:55:55,102 INFO  [Log] Web application launched successfully 
2015-06-09 17:56:15,131 ERROR [Log] My Acocunt link is not found on the Home Page 
2015-06-09 17:56:15,356 ERROR [Log] Unable to locate element: {"method":"xpath","selector":".//*[@id='account']/a"}
Command duration or timeout: 20.03 seconds
For documentation on this error, please visit: http://seleniumhq.org/exceptions/no_such_element.html
Build info: version: 'unknown', revision: 'unknown', time: 'unknown'
System info: host: 'anujga-w7', ip: '10.128.64.49', os.name: 'Windows 7', os.arch: 'amd64', os.version: '6.1', java.version: '1.7.0_60'
Session ID: 3490e98e-6565-4922-93bb-a0c53040f694
Driver info: org.openqa.selenium.firefox.FirefoxDriver
Capabilities [{platform=XP, acceptSslCerts=true, javascriptEnabled=true, cssSelectorsEnabled=true, databaseEnabled=true, browserName=firefox, handlesAlerts=true, browserConnectionEnabled=true, webStorageEnabled=true, nativeEvents=false, rotatable=false, locationContextEnabled=true, applicationCacheEnabled=true, takesScreenshot=true, version=28.0}] 
2015-06-09 17:56:15,361 INFO  [Log] XXXXXXXXXXXXXXXXXXXXXXX             -E---N---D-             XXXXXXXXXXXXXXXXXXXXXX 
2015-06-09 17:56:15,364 INFO  [Log] X 
2015-06-09 17:56:15,365 INFO  [Log] X 
2015-06-09 17:56:15,365 INFO  [Log] X 
2015-06-09 17:56:15,365 INFO  [Log] X 
2015-06-09 17:58:50,152 INFO  [Log] **************************************************************************************** 
2015-06-09 17:58:50,152 INFO  [Log] **************************************************************************************** 
2015-06-09 17:58:50,153 INFO  [Log] $$$$$$$$$$$$$$$$$$$$$                 Framework_002       $$$$$$$$$$$$$$$$$$$$$$$$$ 
2015-06-09 17:58:50,153 INFO  [Log] **************************************************************************************** 
2015-06-09 17:58:50,153 INFO  [Log] **************************************************************************************** 
2015-06-09 17:58:50,686 INFO  [Log] Excel sheet opened 
2015-06-09 17:58:50,686 INFO  [Log] Total number of Row used return as < 2 >. 
2015-06-09 17:58:56,001 INFO  [Log] New driver instantiated 
2015-06-09 17:58:56,012 INFO  [Log] Implicit wait applied on the driver for 10 seconds 
2015-06-09 17:59:08,990 INFO  [Log] Web application launched successfully 
2015-06-09 17:59:09,054 INFO  [Log] My Account link is found on the Home Page 
2015-06-09 17:59:12,055 INFO  [Log] Click action is perfromed on My Account link 
2015-06-09 17:59:12,094 INFO  [Log] Username text box is found on the Login Page 
2015-06-09 17:59:12,140 INFO  [Log] testuser_1 is entered in UserName text box 
2015-06-09 17:59:12,149 INFO  [Log] Password text box is found on the Login page 
2015-06-09 17:59:12,191 INFO  [Log] Test@123 is entered in Password text box 
2015-06-09 17:59:12,199 INFO  [Log] Submit button is found on the Login page 
2015-06-09 17:59:12,769 INFO  [Log] Click action is performed on Submit button 
2015-06-09 17:59:32,811 ERROR [Log] Log Out link is not found on the Home Page 
2015-06-09 17:59:33,233 ERROR [Log] Unable to locate element: {"method":"id","selector":"account_logout"}
Command duration or timeout: 20.03 seconds
For documentation on this error, please visit: http://seleniumhq.org/exceptions/no_such_element.html
Build info: version: 'unknown', revision: 'unknown', time: 'unknown'
System info: host: 'anujga-w7', ip: '10.128.64.49', os.name: 'Windows 7', os.arch: 'amd64', os.version: '6.1', java.version: '1.7.0_60'
Session ID: 1ef56df8-fd05-4371-b001-5e6bdc794a7b
Driver info: org.openqa.selenium.firefox.FirefoxDriver
Capabilities [{platform=XP, acceptSslCerts=true, javascriptEnabled=true, cssSelectorsEnabled=true, databaseEnabled=true, browserName=firefox, handlesAlerts=true, browserConnectionEnabled=true, webStorageEnabled=true, nativeEvents=false, rotatable=false, locationContextEnabled=true, applicationCacheEnabled=true, takesScreenshot=true, version=28.0}] 
2015-06-09 17:59:33,238 INFO  [Log] XXXXXXXXXXXXXXXXXXXXXXX             -E---N---D-             XXXXXXXXXXXXXXXXXXXXXX 
2015-06-09 17:59:33,238 INFO  [Log] X 
2015-06-09 17:59:33,238 INFO  [Log] X 
2015-06-09 17:59:33,238 INFO  [Log] X 
2015-06-09 17:59:33,238 INFO  [Log] X 
2015-06-09 17:59:33,260 INFO  [Log] **************************************************************************************** 
2015-06-09 17:59:33,260 INFO  [Log] **************************************************************************************** 
2015-06-09 17:59:33,260 INFO  [Log] $$$$$$$$$$$$$$$$$$$$$                 Framework_001       $$$$$$$$$$$$$$$$$$$$$$$$$ 
2015-06-09 17:59:33,260 INFO  [Log] **************************************************************************************** 
2015-06-09 17:59:33,260 INFO  [Log] **************************************************************************************** 
2015-06-09 17:59:33,307 INFO  [Log] Excel sheet opened 
2015-06-09 17:59:33,307 INFO  [Log] Total number of Row used return as < 2 >. 
2015-06-09 17:59:41,983 INFO  [Log] New driver instantiated 
2015-06-09 17:59:41,998 INFO  [Log] Implicit wait applied on the driver for 10 seconds 
2015-06-09 17:59:53,096 INFO  [Log] Web application launched successfully 
2015-06-09 17:59:53,180 INFO  [Log] My Account link is found on the Home Page 
2015-06-09 17:59:56,283 INFO  [Log] Click action is perfromed on My Account link 
2015-06-09 17:59:56,312 INFO  [Log] Username text box is found on the Login Page 
2015-06-09 17:59:56,363 INFO  [Log] testuser_1 is entered in UserName text box 
2015-06-09 17:59:56,370 INFO  [Log] Password text box is found on the Login page 
2015-06-09 17:59:56,412 INFO  [Log] Test@123 is entered in Password text box 
2015-06-09 17:59:56,425 INFO  [Log] Submit button is found on the Login page 
2015-06-09 17:59:56,700 INFO  [Log] Click action is performed on Submit button 
2015-06-09 18:00:16,801 ERROR [Log] Log Out link is not found on the Home Page 
2015-06-09 18:00:17,167 ERROR [Log] Unable to locate element: {"method":"id","selector":"account_logout"}
Command duration or timeout: 20.10 seconds
For documentation on this error, please visit: http://seleniumhq.org/exceptions/no_such_element.html
Build info: version: 'unknown', revision: 'unknown', time: 'unknown'
System info: host: 'anujga-w7', ip: '10.128.64.49', os.name: 'Windows 7', os.arch: 'amd64', os.version: '6.1', java.version: '1.7.0_60'
Session ID: f929ca48-a87c-4b86-86ae-5c9e713a26b0
Driver info: org.openqa.selenium.firefox.FirefoxDriver
Capabilities [{platform=XP, acceptSslCerts=true, javascriptEnabled=true, cssSelectorsEnabled=true, databaseEnabled=true, browserName=firefox, handlesAlerts=true, browserConnectionEnabled=true, webStorageEnabled=true, nativeEvents=false, rotatable=false, locationContextEnabled=true, applicationCacheEnabled=true, takesScreenshot=true, version=28.0}] 
2015-06-09 18:00:17,170 INFO  [Log] XXXXXXXXXXXXXXXXXXXXXXX             -E---N---D-             XXXXXXXXXXXXXXXXXXXXXX 
2015-06-09 18:00:17,170 INFO  [Log] X 
2015-06-09 18:00:17,170 INFO  [Log] X 
2015-06-09 18:00:17,170 INFO  [Log] X 
2015-06-09 18:00:17,170 INFO  [Log] X 
2015-06-09 18:00:32,677 INFO  [Log] **************************************************************************************** 
2015-06-09 18:00:32,677 INFO  [Log] **************************************************************************************** 
2015-06-09 18:00:32,677 INFO  [Log] $$$$$$$$$$$$$$$$$$$$$                 Framework_002       $$$$$$$$$$$$$$$$$$$$$$$$$ 
2015-06-09 18:00:32,677 INFO  [Log] **************************************************************************************** 
2015-06-09 18:00:32,677 INFO  [Log] **************************************************************************************** 
2015-06-09 18:00:33,209 INFO  [Log] Excel sheet opened 
2015-06-09 18:00:33,209 INFO  [Log] Total number of Row used return as < 2 >. 
2015-06-09 18:00:38,320 INFO  [Log] New driver instantiated 
2015-06-09 18:00:38,344 INFO  [Log] Implicit wait applied on the driver for 10 seconds 
2015-06-09 18:00:48,549 INFO  [Log] Web application launched successfully 
2015-06-09 18:00:48,613 INFO  [Log] My Account link is found on the Home Page 
2015-06-09 18:00:53,270 INFO  [Log] Click action is perfromed on My Account link 
2015-06-09 18:00:53,289 INFO  [Log] Username text box is found on the Login Page 
2015-06-09 18:00:53,336 INFO  [Log] testuser_1 is entered in UserName text box 
2015-06-09 18:00:53,342 INFO  [Log] Password text box is found on the Login page 
2015-06-09 18:00:53,387 INFO  [Log] Test@123 is entered in Password text box 
2015-06-09 18:00:53,396 INFO  [Log] Submit button is found on the Login page 
2015-06-09 18:00:53,634 INFO  [Log] Click action is performed on Submit button 
2015-06-09 18:01:12,821 ERROR [Log] Log Out link is not found on the Home Page 
2015-06-09 18:01:13,895 ERROR [Log] Class Utils | Method takeScreenshot | Exception occured while capturing ScreenShot : Error communicating with the remote browser. It may have died.
Build info: version: 'unknown', revision: 'unknown', time: 'unknown'
System info: host: 'anujga-w7', ip: '10.128.64.49', os.name: 'Windows 7', os.arch: 'amd64', os.version: '6.1', java.version: '1.7.0_60'
Driver info: driver.version: FirefoxDriver 
2015-06-09 18:01:13,898 INFO  [Log] XXXXXXXXXXXXXXXXXXXXXXX             -E---N---D-             XXXXXXXXXXXXXXXXXXXXXX 
2015-06-09 18:01:13,898 INFO  [Log] X 
2015-06-09 18:01:13,898 INFO  [Log] X 
2015-06-09 18:01:13,898 INFO  [Log] X 
2015-06-09 18:01:13,898 INFO  [Log] X 
2015-06-09 18:01:14,934 INFO  [Log] **************************************************************************************** 
2015-06-09 18:01:14,934 INFO  [Log] **************************************************************************************** 
2015-06-09 18:01:14,934 INFO  [Log] $$$$$$$$$$$$$$$$$$$$$                 Framework_001       $$$$$$$$$$$$$$$$$$$$$$$$$ 
2015-06-09 18:01:14,934 INFO  [Log] **************************************************************************************** 
2015-06-09 18:01:14,934 INFO  [Log] **************************************************************************************** 
2015-06-09 18:01:14,976 INFO  [Log] Excel sheet opened 
2015-06-09 18:01:14,976 INFO  [Log] Total number of Row used return as < 2 >. 
2015-06-09 18:01:23,781 INFO  [Log] New driver instantiated 
2015-06-09 18:01:23,788 INFO  [Log] Implicit wait applied on the driver for 10 seconds 
2015-06-09 18:01:33,354 INFO  [Log] Web application launched successfully 
2015-06-09 18:01:33,398 INFO  [Log] My Account link is found on the Home Page 
2015-06-09 18:01:37,910 INFO  [Log] Click action is perfromed on My Account link 
2015-06-09 18:01:37,928 INFO  [Log] Username text box is found on the Login Page 
2015-06-09 18:01:37,975 INFO  [Log] testuser_1 is entered in UserName text box 
2015-06-09 18:01:37,982 INFO  [Log] Password text box is found on the Login page 
2015-06-09 18:01:38,023 INFO  [Log] Test@123 is entered in Password text box 
2015-06-09 18:01:38,032 INFO  [Log] Submit button is found on the Login page 
2015-06-09 18:01:38,501 INFO  [Log] Click action is performed on Submit button 
2015-06-09 18:01:49,859 ERROR [Log] Log Out link is not found on the Home Page 
2015-06-09 18:01:50,903 ERROR [Log] Class Utils | Method takeScreenshot | Exception occured while capturing ScreenShot : Error communicating with the remote browser. It may have died.
Build info: version: 'unknown', revision: 'unknown', time: 'unknown'
System info: host: 'anujga-w7', ip: '10.128.64.49', os.name: 'Windows 7', os.arch: 'amd64', os.version: '6.1', java.version: '1.7.0_60'
Driver info: driver.version: FirefoxDriver 
2015-06-09 18:01:50,904 INFO  [Log] XXXXXXXXXXXXXXXXXXXXXXX             -E---N---D-             XXXXXXXXXXXXXXXXXXXXXX 
2015-06-09 18:01:50,905 INFO  [Log] X 
2015-06-09 18:01:50,905 INFO  [Log] X 
2015-06-09 18:01:50,905 INFO  [Log] X 
2015-06-09 18:01:50,905 INFO  [Log] X 
